<?xml version="1.0" encoding="utf-8"?><testsuites name="pytest tests"><testsuite name="pytest" errors="0" failures="1" skipped="0" tests="56" time="11.331" timestamp="2026-08-16T21:48:23.954752+00:00" hostname="agent-env-d5c3c6b4-82b1-4b5c-88bb-df111329d825"><testcase classname="tests.backend_test.TestDoorLifecycle" name="test_00_door_exists_and_reset" time="0.695" /><testcase classname="tests.backend_test.TestHealthAnalytics" name="test_health" time="0.659" /><testcase classname="tests.backend_test.TestHealthAnalytics" name="test_auth_me" time="0.100" /><testcase classname="tests.backend_test.TestHealthAnalytics" name="test_unauthenticated_blocked" time="0.283" /><testcase classname="tests.backend_test.TestHealthAnalytics" name="test_analytics_endpoints[/stats]" time="0.056" /><testcase classname="tests.backend_test.TestHealthAnalytics" name="test_analytics_endpoints[/analytics/overview]" time="0.063" /><testcase classname="tests.backend_test.TestHealthAnalytics" name="test_analytics_endpoints[/analytics/floors]" time="0.253" /><testcase classname="tests.backend_test.TestHealthAnalytics" name="test_analytics_endpoints[/analytics/stations]" time="0.073" /><testcase classname="tests.backend_test.TestHealthAnalytics" name="test_analytics_endpoints[/analytics/qc]" time="0.262" /><testcase classname="tests.backend_test.TestHealthAnalytics" name="test_analytics_endpoints[/analytics/throughput]" time="0.057" /><testcase classname="tests.backend_test.TestHealthAnalytics" name="test_analytics_endpoints[/analytics/leaderboard]" time="0.052" /><testcase classname="tests.backend_test.TestDoorsRead" name="test_floors_list" time="0.250" /><testcase classname="tests.backend_test.TestDoorsRead" name="test_floor_filter" time="0.054" /><testcase classname="tests.backend_test.TestDoorsRead" name="test_door_spec_fields" time="0.270" /><testcase classname="tests.backend_test.TestDoorLifecycle" name="test_01_wrong_station_403" time="1.790" /><testcase classname="tests.backend_test.TestDoorsRead" name="test_status_filter_and_search" time="0.136" /><testcase classname="tests.backend_test.TestDoorLifecycle" name="test_02_core_complete" time="0.080" /><testcase classname="tests.backend_test.TestDoorLifecycle" name="test_03_assembly_before_prereq_400" time="0.099" /><testcase classname="tests.backend_test.TestDoorsRead" name="test_missing_door_404" time="0.055" /><testcase classname="tests.backend_test.TestDoorsRead" name="test_label" time="0.054" /><testcase classname="tests.backend_test.TestDoorLifecycle" name="test_04_skin_complete" time="0.055" /><testcase classname="tests.backend_test.TestMisc" name="test_search" time="0.170" /><testcase classname="tests.backend_test.TestDoorLifecycle" name="test_05_assembly_without_photo_400" time="0.138" /><testcase classname="tests.backend_test.TestMisc" name="test_notifications" time="0.211" /><testcase classname="tests.backend_test.TestDoorLifecycle" name="test_06_photo_then_assembly" time="0.188" /><testcase classname="tests.backend_test.TestDoorLifecycle" name="test_07_qc_before_press_400" time="0.091" /><testcase classname="tests.backend_test.TestDoorLifecycle" name="test_08_press_complete" time="0.276" /><testcase classname="tests.backend_test.TestDoorLifecycle" name="test_09_qc_fail_requires_notes" time="0.046" /><testcase classname="tests.backend_test.TestDoorLifecycle" name="test_10_despatch_before_qc_400" time="0.046" /><testcase classname="tests.backend_test.TestDoorLifecycle" name="test_11_qc_pass" time="0.256" /><testcase classname="tests.backend_test.TestDoorLifecycle" name="test_12_manifest_and_note_include_door" time="0.109" /><testcase classname="tests.backend_test.TestDoorLifecycle" name="test_13_despatch_batch" time="0.294" /><testcase classname="tests.backend_test.TestDoorLifecycle" name="test_14_despatch_history" time="0.049" /><testcase classname="tests.backend_test.TestDoorLifecycle" name="test_15_history_and_notes" time="0.597" /><testcase classname="tests.backend_test.TestDoorLifecycle" name="test_16_rework_resets_downstream" time="0.094" /><testcase classname="tests.backend_test.TestMisc" name="test_settings" time="2.051" /><testcase classname="tests.backend_test.TestDoorLifecycle" name="test_17_undo_resets" time="0.103" /><testcase classname="tests.backend_test.TestAuthSecurity" name="test_bcrypt_hash_format" time="0.254" /><testcase classname="tests.backend_test.TestMisc" name="test_activity" time="0.112" /><testcase classname="tests.backend_test.TestMisc" name="test_reports" time="0.109" /><testcase classname="tests.backend_test.TestAuthSecurity" name="test_httponly_cookies" time="0.422" /><testcase classname="tests.backend_test.TestMisc" name="test_station_endpoints" time="0.695" /><testcase classname="tests.backend_test.TestAuthSecurity" name="test_refresh_and_logout" time="0.571" /><testcase classname="tests.backend_test.TestJobs" name="test_list_jobs_progress" time="0.068" /><testcase classname="tests.backend_test.TestJobs" name="test_job_detail_patch_release_cycle" time="0.540" /><testcase classname="tests.backend_test.TestAuthSecurity" name="test_bad_login_401_then_lockout" time="1.927"><failure message="AssertionError: [429, 429, 429, 429, 429, 429]&#10;assert 429 == 401">E   AssertionError: [429, 429, 429, 429, 429, 429]
    assert 429 == 401</failure></testcase><testcase classname="tests.backend_test.TestJobs" name="test_job_404" time="0.052" /><testcase classname="tests.backend_test.TestTeam" name="test_operator_cannot_list_users" time="0.051" /><testcase classname="tests.backend_test.TestTeam" name="test_user_crud" time="2.533" /><testcase classname="tests.backend_test.TestAuthSecurity" name="test_change_password_validation" time="0.657" /><testcase classname="tests.backend_test.TestAuthSecurity" name="test_cors_credentials" time="0.227" /><testcase classname="tests.backend_test.TestImport" name="test_drive_bad_url_400" time="0.049" /><testcase classname="tests.backend_test.TestImport" name="test_xlsx_import_and_dedupe" time="0.686" /><testcase classname="tests.backend_test.TestFiles" name="test_file_lifecycle" time="0.922" /><testcase classname="tests.backend_test.TestChat" name="test_chat_stream" time="0.829" /><testcase classname="tests.backend_test.TestFiles" name="test_existing_pdfs_present" time="0.055" /></testsuite></testsuites>